<?xml version="1.0" encoding="UTF-8"?>
<!-- Generated by org.testng.reporters.JUnitReportReporter -->
<testsuite hostname="FORHAD-PC" name="demo.Internationalization" tests="1" failures="0" timestamp="16 Feb 2017 20:24:44 GMT" time="0.237" errors="0">
  <testcase name="testApp" time="0.237" classname="demo.Internationalization"/>
</testsuite> <!-- demo.Internationalization -->
