<?xml version="1.0" encoding="UTF-8"?>
<!-- Generated by org.testng.reporters.JUnitReportReporter -->
<testsuite hostname="FORHAD-PC" name="demo.ScreenShotDemo" tests="1" failures="0" timestamp="19 Feb 2017 23:37:00 GMT" time="37.664" errors="0">
  <testcase name="bookTicket" time="37.664" classname="demo.ScreenShotDemo"/>
</testsuite> <!-- demo.ScreenShotDemo -->
