<?xml version="1.0" encoding="UTF-8"?>
<!-- Generated by org.testng.reporters.JUnitReportReporter -->
<testsuite hostname="FORHAD-PC" name="demo.MultipleTestAnnotation" tests="2" failures="0" timestamp="16 Feb 2017 03:18:38 GMT" time="0.205" errors="0">
  <testcase name="verifyText" time="0.135" classname="demo.MultipleTestAnnotation"/>
  <testcase name="verifyTitle" time="0.070" classname="demo.MultipleTestAnnotation"/>
</testsuite> <!-- demo.MultipleTestAnnotation -->
