<?xml version="1.0" encoding="UTF-8"?>
<!-- Generated by org.testng.reporters.JUnitReportReporter -->
<testsuite hostname="FORHAD-PC" name="demo.VerifyTitle" tests="1" failures="0" timestamp="14 Feb 2017 19:02:56 GMT" time="0.044" errors="0">
  <testcase name="titleVerification" time="0.044" classname="demo.VerifyTitle"/>
</testsuite> <!-- demo.VerifyTitle -->
