<?xml version="1.0" encoding="UTF-8"?>
<!-- Generated by org.testng.reporters.JUnitReportReporter -->
<testsuite hostname="FORHAD-PC" name="demo.Annotations" tests="1" failures="0" timestamp="14 Feb 2017 18:26:05 GMT" time="0.007" errors="0">
  <testcase name="test" time="0.007" classname="demo.Annotations"/>
</testsuite> <!-- demo.Annotations -->
